<?xml version="1.0" encoding="UTF-8"?>
<!-- Generated by org.testng.reporters.JUnitReportReporter -->
<testsuite hostname="Jovans-MacBook-Pro.local" failures="0" tests="3" name="com.herokuapp.theinternet.LoginTests" time="44.151" errors="0" timestamp="2024-04-10T21:50:40 PDT" skipped="0">
  <testcase classname="com.herokuapp.theinternet.LoginTests" name="positiveLoginTest" time="21.047"/>
  <testcase classname="com.herokuapp.theinternet.LoginTests" name="negativeLoginTest" time="8.592"/>
  <testcase classname="com.herokuapp.theinternet.LoginTests" name="negativeLoginTest" time="14.512"/>
</testsuite> <!-- com.herokuapp.theinternet.LoginTests -->
