<?xml version="1.0" encoding="UTF-8"?>
<!-- Generated by org.testng.reporters.JUnitReportReporter -->
<testsuite hostname="Jovans-MacBook-Pro.local" failures="0" tests="1" name="com.herokuapp.theinternet.ExceptionsTests" time="9.561" errors="0" timestamp="2024-04-16T23:16:17 PDT" skipped="0">
  <testcase classname="com.herokuapp.theinternet.ExceptionsTests" name="staleElementReferenceExceptionTest" time="9.561"/>
</testsuite> <!-- com.herokuapp.theinternet.ExceptionsTests -->
