<?xml version="1.0" encoding="UTF-8"?>
<!-- Generated by org.testng.reporters.JUnitReportReporter -->
<testsuite hostname="Jovans-MacBook-Pro.local" failures="0" tests="1" name="com.herokuapp.theinternet.PositiveTests" time="8.359" errors="0" timestamp="2024-03-31T22:18:03 PDT" skipped="0">
  <testcase classname="com.herokuapp.theinternet.PositiveTests" name="loginTest" time="8.359"/>
</testsuite> <!-- com.herokuapp.theinternet.PositiveTests -->
