<?xml version="1.0" encoding="UTF-8"?>
<!-- Generated by org.testng.reporters.JUnitReportReporter -->
<testsuite hostname="Jovans-MacBook-Pro.local" failures="0" tests="2" name="com.herokuapp.theinternet.NegativeTests" time="12.834" errors="0" timestamp="2024-04-01T22:57:36 PDT" skipped="0">
  <testcase classname="com.herokuapp.theinternet.NegativeTests" name="negativeLoginTest" time="7.717"/>
  <testcase classname="com.herokuapp.theinternet.NegativeTests" name="negativeLoginTest" time="5.117"/>
</testsuite> <!-- com.herokuapp.theinternet.NegativeTests -->
